2025-10-16 16:47:31.165 [main] DEBUG tema1Ficheros.Ejercicio1 - ResultadoComparacion [nombreArchivo=García_Méndez_Daniel-Ejercicio_Carpetas_y_Ficheros.pdf, Valor=FALTA_EN_2]
2025-10-16 16:47:31.167 [main] DEBUG tema1Ficheros.Ejercicio1 - ResultadoComparacion [nombreArchivo=García_Méndez_Daniel-DtdErrores.rar, Valor=FALTA_EN_2]
2025-10-16 16:47:31.167 [main] DEBUG tema1Ficheros.Ejercicio1 - ResultadoComparacion [nombreArchivo=García_Méndez_Daniel-PRÁCTICA_6_DEBUGGEAR.pdf, Valor=FALTA_EN_2]
2025-10-16 16:47:31.167 [main] DEBUG tema1Ficheros.Ejercicio1 - ResultadoComparacion [nombreArchivo=ProyectoTrello.docx, Valor=FALTA_EN_1]
2025-10-16 16:47:31.167 [main] DEBUG tema1Ficheros.Ejercicio1 - ResultadoComparacion [nombreArchivo=xrp.html, Valor=IGUALES]
2025-10-16 16:47:31.167 [main] DEBUG tema1Ficheros.Ejercicio1 - ResultadoComparacion [nombreArchivo=UMLpRO.drawio, Valor=FALTA_EN_2]
2025-10-16 16:47:31.167 [main] DEBUG tema1Ficheros.Ejercicio1 - ResultadoComparacion [nombreArchivo=EXPORTADORES DE VINOS.pptx, Valor=FALTA_EN_1]
2025-10-16 16:47:31.167 [main] DEBUG tema1Ficheros.Ejercicio1 - ResultadoComparacion [nombreArchivo=García_Méndez_Daniel-Actividadades1,2,4y9.pdf, Valor=FALTA_EN_2]
2025-10-16 16:47:31.167 [main] DEBUG tema1Ficheros.Ejercicio1 - ResultadoComparacion [nombreArchivo=García_Méndez_Daniel-XML2.xml, Valor=FALTA_EN_2]
2025-10-16 16:47:31.167 [main] DEBUG tema1Ficheros.Ejercicio1 - ResultadoComparacion [nombreArchivo=García_Méndez_Daniel-Actividades1,2,3y7.pdf, Valor=FALTA_EN_2]
2025-10-16 16:47:31.167 [main] DEBUG tema1Ficheros.Ejercicio1 - ResultadoComparacion [nombreArchivo=García_Méndez_Daniel-Ejercicio_Carpetas_y_Ficheros.docx, Valor=FALTA_EN_2]
2025-10-16 16:47:31.167 [main] DEBUG tema1Ficheros.Ejercicio1 - ResultadoComparacion [nombreArchivo=García_Méndez_Daniel-Actividades1,2,3y7.docx, Valor=FALTA_EN_2]
2025-10-16 16:47:31.167 [main] DEBUG tema1Ficheros.Ejercicio1 - ResultadoComparacion [nombreArchivo=ProyectoTrello.pdf, Valor=FALTA_EN_1]
2025-10-16 16:47:31.167 [main] DEBUG tema1Ficheros.Ejercicio1 - ResultadoComparacion [nombreArchivo=digitalizacion.docx, Valor=FALTA_EN_2]
2025-10-16 16:47:31.168 [main] DEBUG tema1Ficheros.Ejercicio1 - ResultadoComparacion [nombreArchivo=Proyecto Trello Manuel y Daniel.rar, Valor=FALTA_EN_1]
2025-10-16 16:47:31.168 [main] DEBUG tema1Ficheros.Ejercicio1 - ResultadoComparacion [nombreArchivo=García_Méndez_Daniel-XmlErrores.rar, Valor=FALTA_EN_2]
2025-10-16 16:47:31.168 [main] DEBUG tema1Ficheros.Ejercicio1 - ResultadoComparacion [nombreArchivo=xrp.py, Valor=FALTA_EN_2]
2025-10-16 20:32:17.154 [main] DEBUG Boletin2FicherosFoldes.GestionaFicheros - Archivo: García_Méndez_Daniel-Ejercicio_Carpetas_y_Ficheros.pdf → Resultado: FALTA_EN_2
2025-10-16 20:32:17.155 [main] DEBUG Boletin2FicherosFoldes.GestionaFicheros - Archivo: García_Méndez_Daniel-DtdErrores.rar → Resultado: FALTA_EN_2
2025-10-16 20:32:17.155 [main] DEBUG Boletin2FicherosFoldes.GestionaFicheros - Archivo: García_Méndez_Daniel-PRÁCTICA_6_DEBUGGEAR.pdf → Resultado: FALTA_EN_2
2025-10-16 20:32:17.155 [main] DEBUG Boletin2FicherosFoldes.GestionaFicheros - Archivo: xrp.html → Resultado: IGUALES
2025-10-16 20:32:17.155 [main] DEBUG Boletin2FicherosFoldes.GestionaFicheros - Archivo: ProyectoTrello.docx → Resultado: FALTA_EN_1
2025-10-16 20:32:17.156 [main] DEBUG Boletin2FicherosFoldes.GestionaFicheros - Archivo: UMLpRO.drawio → Resultado: FALTA_EN_2
2025-10-16 20:32:17.156 [main] DEBUG Boletin2FicherosFoldes.GestionaFicheros - Archivo: EXPORTADORES DE VINOS.pptx → Resultado: FALTA_EN_1
2025-10-16 20:32:17.156 [main] DEBUG Boletin2FicherosFoldes.GestionaFicheros - Archivo: García_Méndez_Daniel-Actividadades1,2,4y9.pdf → Resultado: FALTA_EN_2
2025-10-16 20:32:17.156 [main] DEBUG Boletin2FicherosFoldes.GestionaFicheros - Archivo: García_Méndez_Daniel-XML2.xml → Resultado: FALTA_EN_2
2025-10-16 20:32:17.156 [main] DEBUG Boletin2FicherosFoldes.GestionaFicheros - Archivo: García_Méndez_Daniel-Actividades1,2,3y7.pdf → Resultado: FALTA_EN_2
2025-10-16 20:32:17.156 [main] DEBUG Boletin2FicherosFoldes.GestionaFicheros - Archivo: García_Méndez_Daniel-Ejercicio_Carpetas_y_Ficheros.docx → Resultado: FALTA_EN_2
2025-10-16 20:32:17.156 [main] DEBUG Boletin2FicherosFoldes.GestionaFicheros - Archivo: García_Méndez_Daniel-Actividades1,2,3y7.docx → Resultado: FALTA_EN_2
2025-10-16 20:32:17.156 [main] DEBUG Boletin2FicherosFoldes.GestionaFicheros - Archivo: digitalizacion.docx → Resultado: FALTA_EN_2
2025-10-16 20:32:17.156 [main] DEBUG Boletin2FicherosFoldes.GestionaFicheros - Archivo: ProyectoTrello.pdf → Resultado: FALTA_EN_1
2025-10-16 20:32:17.156 [main] DEBUG Boletin2FicherosFoldes.GestionaFicheros - Archivo: García_Méndez_Daniel-XmlErrores.rar → Resultado: FALTA_EN_2
2025-10-16 20:32:17.156 [main] DEBUG Boletin2FicherosFoldes.GestionaFicheros - Archivo: xrp.py → Resultado: FALTA_EN_2
2025-10-16 20:32:17.156 [main] DEBUG Boletin2FicherosFoldes.GestionaFicheros - Archivo: Proyecto Trello Manuel y Daniel.rar → Resultado: FALTA_EN_1
2025-10-16 20:36:06.588 [main] INFO  Boletin2FicherosFoldes.GestionaFicheros - ResultadoComparacion [nombreArchivo=García_Méndez_Daniel-Ejercicio_Carpetas_y_Ficheros.pdf, Valor=FALTA_EN_2]
2025-10-16 20:36:06.589 [main] INFO  Boletin2FicherosFoldes.GestionaFicheros - ResultadoComparacion [nombreArchivo=García_Méndez_Daniel-DtdErrores.rar, Valor=FALTA_EN_2]
2025-10-16 20:36:06.589 [main] INFO  Boletin2FicherosFoldes.GestionaFicheros - ResultadoComparacion [nombreArchivo=García_Méndez_Daniel-PRÁCTICA_6_DEBUGGEAR.pdf, Valor=FALTA_EN_2]
2025-10-16 20:36:06.589 [main] INFO  Boletin2FicherosFoldes.GestionaFicheros - ResultadoComparacion [nombreArchivo=xrp.html, Valor=IGUALES]
2025-10-16 20:36:06.589 [main] INFO  Boletin2FicherosFoldes.GestionaFicheros - ResultadoComparacion [nombreArchivo=ProyectoTrello.docx, Valor=FALTA_EN_1]
2025-10-16 20:36:06.589 [main] INFO  Boletin2FicherosFoldes.GestionaFicheros - ResultadoComparacion [nombreArchivo=UMLpRO.drawio, Valor=FALTA_EN_2]
2025-10-16 20:36:06.589 [main] INFO  Boletin2FicherosFoldes.GestionaFicheros - ResultadoComparacion [nombreArchivo=EXPORTADORES DE VINOS.pptx, Valor=FALTA_EN_1]
2025-10-16 20:36:06.589 [main] INFO  Boletin2FicherosFoldes.GestionaFicheros - ResultadoComparacion [nombreArchivo=García_Méndez_Daniel-Actividadades1,2,4y9.pdf, Valor=FALTA_EN_2]
2025-10-16 20:36:06.589 [main] INFO  Boletin2FicherosFoldes.GestionaFicheros - ResultadoComparacion [nombreArchivo=García_Méndez_Daniel-XML2.xml, Valor=FALTA_EN_2]
2025-10-16 20:36:06.589 [main] INFO  Boletin2FicherosFoldes.GestionaFicheros - ResultadoComparacion [nombreArchivo=García_Méndez_Daniel-Actividades1,2,3y7.pdf, Valor=FALTA_EN_2]
2025-10-16 20:36:06.590 [main] INFO  Boletin2FicherosFoldes.GestionaFicheros - ResultadoComparacion [nombreArchivo=García_Méndez_Daniel-Ejercicio_Carpetas_y_Ficheros.docx, Valor=FALTA_EN_2]
2025-10-16 20:36:06.590 [main] INFO  Boletin2FicherosFoldes.GestionaFicheros - ResultadoComparacion [nombreArchivo=García_Méndez_Daniel-Actividades1,2,3y7.docx, Valor=FALTA_EN_2]
2025-10-16 20:36:06.590 [main] INFO  Boletin2FicherosFoldes.GestionaFicheros - ResultadoComparacion [nombreArchivo=digitalizacion.docx, Valor=FALTA_EN_2]
2025-10-16 20:36:06.590 [main] INFO  Boletin2FicherosFoldes.GestionaFicheros - ResultadoComparacion [nombreArchivo=ProyectoTrello.pdf, Valor=FALTA_EN_1]
2025-10-16 20:36:06.590 [main] INFO  Boletin2FicherosFoldes.GestionaFicheros - ResultadoComparacion [nombreArchivo=García_Méndez_Daniel-XmlErrores.rar, Valor=FALTA_EN_2]
2025-10-16 20:36:06.590 [main] INFO  Boletin2FicherosFoldes.GestionaFicheros - ResultadoComparacion [nombreArchivo=xrp.py, Valor=FALTA_EN_2]
2025-10-16 20:36:06.590 [main] INFO  Boletin2FicherosFoldes.GestionaFicheros - ResultadoComparacion [nombreArchivo=Proyecto Trello Manuel y Daniel.rar, Valor=FALTA_EN_1]
2025-10-16 20:38:02.427 [main] INFO  Boletin2FicherosFoldes.GestionaFicheros - ResultadoComparacion [nombreArchivo=García_Méndez_Daniel-Ejercicio_Carpetas_y_Ficheros.pdf, Valor=FALTA_EN_2]
2025-10-16 20:38:02.429 [main] INFO  Boletin2FicherosFoldes.GestionaFicheros - ResultadoComparacion [nombreArchivo=García_Méndez_Daniel-DtdErrores.rar, Valor=FALTA_EN_2]
2025-10-16 20:38:02.429 [main] INFO  Boletin2FicherosFoldes.GestionaFicheros - ResultadoComparacion [nombreArchivo=García_Méndez_Daniel-PRÁCTICA_6_DEBUGGEAR.pdf, Valor=FALTA_EN_2]
2025-10-16 20:38:02.429 [main] INFO  Boletin2FicherosFoldes.GestionaFicheros - ResultadoComparacion [nombreArchivo=xrp.html, Valor=IGUALES]
2025-10-16 20:38:02.429 [main] INFO  Boletin2FicherosFoldes.GestionaFicheros - ResultadoComparacion [nombreArchivo=ProyectoTrello.docx, Valor=FALTA_EN_1]
2025-10-16 20:38:02.429 [main] INFO  Boletin2FicherosFoldes.GestionaFicheros - ResultadoComparacion [nombreArchivo=UMLpRO.drawio, Valor=FALTA_EN_2]
2025-10-16 20:38:02.429 [main] INFO  Boletin2FicherosFoldes.GestionaFicheros - ResultadoComparacion [nombreArchivo=EXPORTADORES DE VINOS.pptx, Valor=FALTA_EN_1]
2025-10-16 20:38:02.429 [main] INFO  Boletin2FicherosFoldes.GestionaFicheros - ResultadoComparacion [nombreArchivo=García_Méndez_Daniel-Actividadades1,2,4y9.pdf, Valor=FALTA_EN_2]
2025-10-16 20:38:02.429 [main] INFO  Boletin2FicherosFoldes.GestionaFicheros - ResultadoComparacion [nombreArchivo=García_Méndez_Daniel-XML2.xml, Valor=FALTA_EN_2]
2025-10-16 20:38:02.429 [main] INFO  Boletin2FicherosFoldes.GestionaFicheros - ResultadoComparacion [nombreArchivo=García_Méndez_Daniel-Actividades1,2,3y7.pdf, Valor=FALTA_EN_2]
2025-10-16 20:38:02.429 [main] INFO  Boletin2FicherosFoldes.GestionaFicheros - ResultadoComparacion [nombreArchivo=García_Méndez_Daniel-Ejercicio_Carpetas_y_Ficheros.docx, Valor=FALTA_EN_2]
2025-10-16 20:38:02.429 [main] INFO  Boletin2FicherosFoldes.GestionaFicheros - ResultadoComparacion [nombreArchivo=García_Méndez_Daniel-Actividades1,2,3y7.docx, Valor=FALTA_EN_2]
2025-10-16 20:38:02.430 [main] INFO  Boletin2FicherosFoldes.GestionaFicheros - ResultadoComparacion [nombreArchivo=digitalizacion.docx, Valor=FALTA_EN_2]
2025-10-16 20:38:02.430 [main] INFO  Boletin2FicherosFoldes.GestionaFicheros - ResultadoComparacion [nombreArchivo=ProyectoTrello.pdf, Valor=FALTA_EN_1]
2025-10-16 20:38:02.430 [main] INFO  Boletin2FicherosFoldes.GestionaFicheros - ResultadoComparacion [nombreArchivo=García_Méndez_Daniel-XmlErrores.rar, Valor=FALTA_EN_2]
2025-10-16 20:38:02.430 [main] INFO  Boletin2FicherosFoldes.GestionaFicheros - ResultadoComparacion [nombreArchivo=xrp.py, Valor=FALTA_EN_2]
2025-10-16 20:38:02.430 [main] INFO  Boletin2FicherosFoldes.GestionaFicheros - ResultadoComparacion [nombreArchivo=Proyecto Trello Manuel y Daniel.rar, Valor=FALTA_EN_1]
2025-10-16 20:39:02.967 [main] INFO  Boletin2FicherosFoldes.GestionaFicheros - ResultadoComparacion [nombreArchivo=García_Méndez_Daniel-Ejercicio_Carpetas_y_Ficheros.pdf, Valor=FALTA_EN_2]
2025-10-16 20:39:02.969 [main] INFO  Boletin2FicherosFoldes.GestionaFicheros - ResultadoComparacion [nombreArchivo=García_Méndez_Daniel-DtdErrores.rar, Valor=FALTA_EN_2]
2025-10-16 20:39:02.969 [main] INFO  Boletin2FicherosFoldes.GestionaFicheros - ResultadoComparacion [nombreArchivo=García_Méndez_Daniel-PRÁCTICA_6_DEBUGGEAR.pdf, Valor=FALTA_EN_2]
2025-10-16 20:39:02.969 [main] INFO  Boletin2FicherosFoldes.GestionaFicheros - ResultadoComparacion [nombreArchivo=xrp.html, Valor=IGUALES]
2025-10-16 20:39:02.969 [main] INFO  Boletin2FicherosFoldes.GestionaFicheros - ResultadoComparacion [nombreArchivo=ProyectoTrello.docx, Valor=FALTA_EN_1]
2025-10-16 20:39:02.969 [main] INFO  Boletin2FicherosFoldes.GestionaFicheros - ResultadoComparacion [nombreArchivo=UMLpRO.drawio, Valor=FALTA_EN_2]
2025-10-16 20:39:02.969 [main] INFO  Boletin2FicherosFoldes.GestionaFicheros - ResultadoComparacion [nombreArchivo=EXPORTADORES DE VINOS.pptx, Valor=FALTA_EN_1]
2025-10-16 20:39:02.969 [main] INFO  Boletin2FicherosFoldes.GestionaFicheros - ResultadoComparacion [nombreArchivo=García_Méndez_Daniel-Actividadades1,2,4y9.pdf, Valor=FALTA_EN_2]
2025-10-16 20:39:02.969 [main] INFO  Boletin2FicherosFoldes.GestionaFicheros - ResultadoComparacion [nombreArchivo=García_Méndez_Daniel-XML2.xml, Valor=FALTA_EN_2]
2025-10-16 20:39:02.969 [main] INFO  Boletin2FicherosFoldes.GestionaFicheros - ResultadoComparacion [nombreArchivo=García_Méndez_Daniel-Actividades1,2,3y7.pdf, Valor=FALTA_EN_2]
2025-10-16 20:39:02.969 [main] INFO  Boletin2FicherosFoldes.GestionaFicheros - ResultadoComparacion [nombreArchivo=García_Méndez_Daniel-Ejercicio_Carpetas_y_Ficheros.docx, Valor=FALTA_EN_2]
2025-10-16 20:39:02.969 [main] INFO  Boletin2FicherosFoldes.GestionaFicheros - ResultadoComparacion [nombreArchivo=García_Méndez_Daniel-Actividades1,2,3y7.docx, Valor=FALTA_EN_2]
2025-10-16 20:39:02.969 [main] INFO  Boletin2FicherosFoldes.GestionaFicheros - ResultadoComparacion [nombreArchivo=digitalizacion.docx, Valor=FALTA_EN_2]
2025-10-16 20:39:02.969 [main] INFO  Boletin2FicherosFoldes.GestionaFicheros - ResultadoComparacion [nombreArchivo=ProyectoTrello.pdf, Valor=FALTA_EN_1]
2025-10-16 20:39:02.969 [main] INFO  Boletin2FicherosFoldes.GestionaFicheros - ResultadoComparacion [nombreArchivo=García_Méndez_Daniel-XmlErrores.rar, Valor=FALTA_EN_2]
2025-10-16 20:39:02.969 [main] INFO  Boletin2FicherosFoldes.GestionaFicheros - ResultadoComparacion [nombreArchivo=xrp.py, Valor=FALTA_EN_2]
2025-10-16 20:39:02.969 [main] INFO  Boletin2FicherosFoldes.GestionaFicheros - ResultadoComparacion [nombreArchivo=Proyecto Trello Manuel y Daniel.rar, Valor=FALTA_EN_1]
2025-10-16 20:45:30.466 [main] INFO  Boletin2FicherosFoldes.GestionaFicheros - ResultadoComparacion [nombreArchivo=García_Méndez_Daniel-Ejercicio_Carpetas_y_Ficheros.pdf, Valor=FALTA_EN_1]
2025-10-16 20:45:30.467 [main] INFO  Boletin2FicherosFoldes.GestionaFicheros - ResultadoComparacion [nombreArchivo=García_Méndez_Daniel-DtdErrores.rar, Valor=FALTA_EN_1]
2025-10-16 20:45:30.467 [main] INFO  Boletin2FicherosFoldes.GestionaFicheros - ResultadoComparacion [nombreArchivo=García_Méndez_Daniel-PRÁCTICA_6_DEBUGGEAR.pdf, Valor=FALTA_EN_1]
2025-10-16 20:45:30.467 [main] INFO  Boletin2FicherosFoldes.GestionaFicheros - ResultadoComparacion [nombreArchivo=ProyectoTrello.docx, Valor=FALTA_EN_2]
2025-10-16 20:45:30.467 [main] INFO  Boletin2FicherosFoldes.GestionaFicheros - ResultadoComparacion [nombreArchivo=xrp.html, Valor=IGUALES]
2025-10-16 20:45:30.467 [main] INFO  Boletin2FicherosFoldes.GestionaFicheros - ResultadoComparacion [nombreArchivo=UMLpRO.drawio, Valor=FALTA_EN_1]
2025-10-16 20:45:30.467 [main] INFO  Boletin2FicherosFoldes.GestionaFicheros - ResultadoComparacion [nombreArchivo=EXPORTADORES DE VINOS.pptx, Valor=FALTA_EN_2]
2025-10-16 20:45:30.467 [main] INFO  Boletin2FicherosFoldes.GestionaFicheros - ResultadoComparacion [nombreArchivo=García_Méndez_Daniel-Actividadades1,2,4y9.pdf, Valor=FALTA_EN_1]
2025-10-16 20:45:30.467 [main] INFO  Boletin2FicherosFoldes.GestionaFicheros - ResultadoComparacion [nombreArchivo=García_Méndez_Daniel-XML2.xml, Valor=FALTA_EN_1]
2025-10-16 20:45:30.467 [main] INFO  Boletin2FicherosFoldes.GestionaFicheros - ResultadoComparacion [nombreArchivo=García_Méndez_Daniel-Actividades1,2,3y7.pdf, Valor=FALTA_EN_1]
2025-10-16 20:45:30.467 [main] INFO  Boletin2FicherosFoldes.GestionaFicheros - ResultadoComparacion [nombreArchivo=García_Méndez_Daniel-Ejercicio_Carpetas_y_Ficheros.docx, Valor=FALTA_EN_1]
2025-10-16 20:45:30.467 [main] INFO  Boletin2FicherosFoldes.GestionaFicheros - ResultadoComparacion [nombreArchivo=García_Méndez_Daniel-Actividades1,2,3y7.docx, Valor=FALTA_EN_1]
2025-10-16 20:45:30.467 [main] INFO  Boletin2FicherosFoldes.GestionaFicheros - ResultadoComparacion [nombreArchivo=ProyectoTrello.pdf, Valor=FALTA_EN_2]
2025-10-16 20:45:30.467 [main] INFO  Boletin2FicherosFoldes.GestionaFicheros - ResultadoComparacion [nombreArchivo=digitalizacion.docx, Valor=FALTA_EN_1]
2025-10-16 20:45:30.467 [main] INFO  Boletin2FicherosFoldes.GestionaFicheros - ResultadoComparacion [nombreArchivo=Proyecto Trello Manuel y Daniel.rar, Valor=FALTA_EN_2]
2025-10-16 20:45:30.467 [main] INFO  Boletin2FicherosFoldes.GestionaFicheros - ResultadoComparacion [nombreArchivo=García_Méndez_Daniel-XmlErrores.rar, Valor=FALTA_EN_1]
2025-10-16 20:45:30.467 [main] INFO  Boletin2FicherosFoldes.GestionaFicheros - ResultadoComparacion [nombreArchivo=xrp.py, Valor=FALTA_EN_1]
2025-10-16 20:45:31.820 [main] INFO  Boletin2FicherosFoldes.GestionaFicheros - ResultadoComparacion [nombreArchivo=García_Méndez_Daniel-Ejercicio_Carpetas_y_Ficheros.pdf, Valor=FALTA_EN_1]
2025-10-16 20:45:31.821 [main] INFO  Boletin2FicherosFoldes.GestionaFicheros - ResultadoComparacion [nombreArchivo=García_Méndez_Daniel-DtdErrores.rar, Valor=FALTA_EN_1]
2025-10-16 20:45:31.821 [main] INFO  Boletin2FicherosFoldes.GestionaFicheros - ResultadoComparacion [nombreArchivo=García_Méndez_Daniel-PRÁCTICA_6_DEBUGGEAR.pdf, Valor=FALTA_EN_1]
2025-10-16 20:45:31.821 [main] INFO  Boletin2FicherosFoldes.GestionaFicheros - ResultadoComparacion [nombreArchivo=ProyectoTrello.docx, Valor=FALTA_EN_2]
2025-10-16 20:45:31.821 [main] INFO  Boletin2FicherosFoldes.GestionaFicheros - ResultadoComparacion [nombreArchivo=xrp.html, Valor=IGUALES]
2025-10-16 20:45:31.821 [main] INFO  Boletin2FicherosFoldes.GestionaFicheros - ResultadoComparacion [nombreArchivo=UMLpRO.drawio, Valor=FALTA_EN_1]
2025-10-16 20:45:31.821 [main] INFO  Boletin2FicherosFoldes.GestionaFicheros - ResultadoComparacion [nombreArchivo=EXPORTADORES DE VINOS.pptx, Valor=FALTA_EN_2]
2025-10-16 20:45:31.821 [main] INFO  Boletin2FicherosFoldes.GestionaFicheros - ResultadoComparacion [nombreArchivo=García_Méndez_Daniel-Actividadades1,2,4y9.pdf, Valor=FALTA_EN_1]
2025-10-16 20:45:31.821 [main] INFO  Boletin2FicherosFoldes.GestionaFicheros - ResultadoComparacion [nombreArchivo=García_Méndez_Daniel-XML2.xml, Valor=FALTA_EN_1]
2025-10-16 20:45:31.821 [main] INFO  Boletin2FicherosFoldes.GestionaFicheros - ResultadoComparacion [nombreArchivo=García_Méndez_Daniel-Actividades1,2,3y7.pdf, Valor=FALTA_EN_1]
2025-10-16 20:45:31.821 [main] INFO  Boletin2FicherosFoldes.GestionaFicheros - ResultadoComparacion [nombreArchivo=García_Méndez_Daniel-Ejercicio_Carpetas_y_Ficheros.docx, Valor=FALTA_EN_1]
2025-10-16 20:45:31.822 [main] INFO  Boletin2FicherosFoldes.GestionaFicheros - ResultadoComparacion [nombreArchivo=García_Méndez_Daniel-Actividades1,2,3y7.docx, Valor=FALTA_EN_1]
2025-10-16 20:45:31.822 [main] INFO  Boletin2FicherosFoldes.GestionaFicheros - ResultadoComparacion [nombreArchivo=ProyectoTrello.pdf, Valor=FALTA_EN_2]
2025-10-16 20:45:31.822 [main] INFO  Boletin2FicherosFoldes.GestionaFicheros - ResultadoComparacion [nombreArchivo=digitalizacion.docx, Valor=FALTA_EN_1]
2025-10-16 20:45:31.822 [main] INFO  Boletin2FicherosFoldes.GestionaFicheros - ResultadoComparacion [nombreArchivo=Proyecto Trello Manuel y Daniel.rar, Valor=FALTA_EN_2]
2025-10-16 20:45:31.822 [main] INFO  Boletin2FicherosFoldes.GestionaFicheros - ResultadoComparacion [nombreArchivo=García_Méndez_Daniel-XmlErrores.rar, Valor=FALTA_EN_1]
2025-10-16 20:45:31.822 [main] INFO  Boletin2FicherosFoldes.GestionaFicheros - ResultadoComparacion [nombreArchivo=xrp.py, Valor=FALTA_EN_1]
2025-10-16 20:45:44.798 [main] INFO  Boletin2FicherosFoldes.GestionaFicheros - ResultadoComparacion [nombreArchivo=García_Méndez_Daniel-Ejercicio_Carpetas_y_Ficheros.pdf, Valor=FALTA_EN_1]
2025-10-16 20:45:44.800 [main] INFO  Boletin2FicherosFoldes.GestionaFicheros - ResultadoComparacion [nombreArchivo=García_Méndez_Daniel-DtdErrores.rar, Valor=FALTA_EN_1]
2025-10-16 20:45:44.800 [main] INFO  Boletin2FicherosFoldes.GestionaFicheros - ResultadoComparacion [nombreArchivo=García_Méndez_Daniel-PRÁCTICA_6_DEBUGGEAR.pdf, Valor=FALTA_EN_1]
2025-10-16 20:45:44.800 [main] INFO  Boletin2FicherosFoldes.GestionaFicheros - ResultadoComparacion [nombreArchivo=xrp.html, Valor=IGUALES]
2025-10-16 20:45:44.800 [main] INFO  Boletin2FicherosFoldes.GestionaFicheros - ResultadoComparacion [nombreArchivo=ProyectoTrello.docx, Valor=FALTA_EN_2]
2025-10-16 20:45:44.800 [main] INFO  Boletin2FicherosFoldes.GestionaFicheros - ResultadoComparacion [nombreArchivo=UMLpRO.drawio, Valor=FALTA_EN_1]
2025-10-16 20:45:44.800 [main] INFO  Boletin2FicherosFoldes.GestionaFicheros - ResultadoComparacion [nombreArchivo=EXPORTADORES DE VINOS.pptx, Valor=FALTA_EN_2]
2025-10-16 20:45:44.800 [main] INFO  Boletin2FicherosFoldes.GestionaFicheros - ResultadoComparacion [nombreArchivo=García_Méndez_Daniel-Actividadades1,2,4y9.pdf, Valor=FALTA_EN_1]
2025-10-16 20:45:44.800 [main] INFO  Boletin2FicherosFoldes.GestionaFicheros - ResultadoComparacion [nombreArchivo=García_Méndez_Daniel-XML2.xml, Valor=FALTA_EN_1]
2025-10-16 20:45:44.801 [main] INFO  Boletin2FicherosFoldes.GestionaFicheros - ResultadoComparacion [nombreArchivo=García_Méndez_Daniel-Actividades1,2,3y7.pdf, Valor=FALTA_EN_1]
2025-10-16 20:45:44.801 [main] INFO  Boletin2FicherosFoldes.GestionaFicheros - ResultadoComparacion [nombreArchivo=García_Méndez_Daniel-Ejercicio_Carpetas_y_Ficheros.docx, Valor=FALTA_EN_1]
2025-10-16 20:45:44.801 [main] INFO  Boletin2FicherosFoldes.GestionaFicheros - ResultadoComparacion [nombreArchivo=García_Méndez_Daniel-Actividades1,2,3y7.docx, Valor=FALTA_EN_1]
2025-10-16 20:45:44.801 [main] INFO  Boletin2FicherosFoldes.GestionaFicheros - ResultadoComparacion [nombreArchivo=digitalizacion.docx, Valor=FALTA_EN_1]
2025-10-16 20:45:44.801 [main] INFO  Boletin2FicherosFoldes.GestionaFicheros - ResultadoComparacion [nombreArchivo=ProyectoTrello.pdf, Valor=FALTA_EN_2]
2025-10-16 20:45:44.801 [main] INFO  Boletin2FicherosFoldes.GestionaFicheros - ResultadoComparacion [nombreArchivo=García_Méndez_Daniel-XmlErrores.rar, Valor=FALTA_EN_1]
2025-10-16 20:45:44.801 [main] INFO  Boletin2FicherosFoldes.GestionaFicheros - ResultadoComparacion [nombreArchivo=xrp.py, Valor=FALTA_EN_1]
2025-10-16 20:45:44.801 [main] INFO  Boletin2FicherosFoldes.GestionaFicheros - ResultadoComparacion [nombreArchivo=Proyecto Trello Manuel y Daniel.rar, Valor=FALTA_EN_2]
2025-10-16 20:52:48.745 [main] INFO  Boletin2FicherosFoldes.GestionaFicheros - ResultadoComparacion [nombreArchivo=García_Méndez_Daniel-Actividadades1,2,4y9.pdf, Valor=FALTA_EN_2]
2025-10-16 20:52:48.747 [main] INFO  Boletin2FicherosFoldes.GestionaFicheros - ResultadoComparacion [nombreArchivo=García_Méndez_Daniel-Actividades1,2,3y7.docx, Valor=FALTA_EN_2]
2025-10-16 20:52:48.747 [main] INFO  Boletin2FicherosFoldes.GestionaFicheros - ResultadoComparacion [nombreArchivo=UMLpRO.drawio, Valor=FALTA_EN_2]
2025-10-16 20:52:48.747 [main] INFO  Boletin2FicherosFoldes.GestionaFicheros - ResultadoComparacion [nombreArchivo=García_Méndez_Daniel-Ejercicio_Carpetas_y_Ficheros.docx, Valor=FALTA_EN_2]
2025-10-16 20:52:48.747 [main] INFO  Boletin2FicherosFoldes.GestionaFicheros - ResultadoComparacion [nombreArchivo=García_Méndez_Daniel-Actividades1,2,3y7.pdf, Valor=FALTA_EN_2]
2025-10-16 20:52:48.747 [main] INFO  Boletin2FicherosFoldes.GestionaFicheros - ResultadoComparacion [nombreArchivo=xrp.html, Valor=IGUALES]
2025-10-16 20:52:48.747 [main] INFO  Boletin2FicherosFoldes.GestionaFicheros - ResultadoComparacion [nombreArchivo=ProyectoTrello.pdf, Valor=FALTA_EN_1]
2025-10-16 20:52:48.747 [main] INFO  Boletin2FicherosFoldes.GestionaFicheros - ResultadoComparacion [nombreArchivo=García_Méndez_Daniel-XmlErrores.rar, Valor=FALTA_EN_2]
2025-10-16 20:52:48.747 [main] INFO  Boletin2FicherosFoldes.GestionaFicheros - ResultadoComparacion [nombreArchivo=xrp.py, Valor=FALTA_EN_2]
2025-10-16 20:52:48.747 [main] INFO  Boletin2FicherosFoldes.GestionaFicheros - ResultadoComparacion [nombreArchivo=García_Méndez_Daniel-PRÁCTICA_6_DEBUGGEAR.pdf, Valor=FALTA_EN_2]
2025-10-16 20:52:48.747 [main] INFO  Boletin2FicherosFoldes.GestionaFicheros - ResultadoComparacion [nombreArchivo=ProyectoTrello.docx, Valor=FALTA_EN_1]
2025-10-16 20:52:48.747 [main] INFO  Boletin2FicherosFoldes.GestionaFicheros - ResultadoComparacion [nombreArchivo=García_Méndez_Daniel-Ejercicio_Carpetas_y_Ficheros.pdf, Valor=FALTA_EN_2]
2025-10-16 20:52:48.747 [main] INFO  Boletin2FicherosFoldes.GestionaFicheros - ResultadoComparacion [nombreArchivo=digitalizacion.docx, Valor=FALTA_EN_2]
2025-10-16 20:52:48.747 [main] INFO  Boletin2FicherosFoldes.GestionaFicheros - ResultadoComparacion [nombreArchivo=Proyecto Trello Manuel y Daniel.rar, Valor=FALTA_EN_1]
2025-10-16 20:52:48.747 [main] INFO  Boletin2FicherosFoldes.GestionaFicheros - ResultadoComparacion [nombreArchivo=EXPORTADORES DE VINOS.pptx, Valor=FALTA_EN_1]
2025-10-16 20:52:48.747 [main] INFO  Boletin2FicherosFoldes.GestionaFicheros - ResultadoComparacion [nombreArchivo=García_Méndez_Daniel-XML2.xml, Valor=FALTA_EN_2]
2025-10-16 20:52:48.747 [main] INFO  Boletin2FicherosFoldes.GestionaFicheros - ResultadoComparacion [nombreArchivo=García_Méndez_Daniel-DtdErrores.rar, Valor=FALTA_EN_2]
